[debug] [2022-03-29T07:26:57.901Z] ----------------------------------------------------------------------
[debug] [2022-03-29T07:26:57.904Z] Command:       C:\Program Files (x86)\nodejs\node.exe C:\Users\Josh\AppData\Roaming\npm\node_modules\firebase-tools\lib\bin\firebase.js deploy
[debug] [2022-03-29T07:26:57.904Z] CLI Version:   10.2.2
[debug] [2022-03-29T07:26:57.904Z] Platform:      win32
[debug] [2022-03-29T07:26:57.904Z] Node Version:  v14.17.0
[debug] [2022-03-29T07:26:57.906Z] Time:          Tue Mar 29 2022 18:26:57 GMT+1100 (Australian Eastern Daylight Time)
[debug] [2022-03-29T07:26:57.906Z] ----------------------------------------------------------------------
[debug] 
[debug] [2022-03-29T07:26:57.919Z] >>> [apiv2][query] GET https://firebase-public.firebaseio.com/cli.json [none]
[debug] [2022-03-29T07:26:58.084Z] > command requires scopes: ["email","openid","https://www.googleapis.com/auth/cloudplatformprojects.readonly","https://www.googleapis.com/auth/firebase","https://www.googleapis.com/auth/cloud-platform"]
[debug] [2022-03-29T07:26:58.085Z] > authorizing via signed-in user (joshmoon.1510@gmail.com)
[debug] [2022-03-29T07:26:58.085Z] [iam] checking project portfolio-87281 for permissions ["firebase.projects.get","firebasehosting.sites.update"]
[debug] [2022-03-29T07:26:58.086Z] > refreshing access token with scopes: []
[debug] [2022-03-29T07:26:58.087Z] >>> HTTP REQUEST POST https://www.googleapis.com/oauth2/v3/token  
 <request body omitted>
[debug] [2022-03-29T07:26:58.371Z] <<< HTTP RESPONSE 200 {"pragma":"no-cache","date":"Tue, 29 Mar 2022 07:26:58 GMT","expires":"Mon, 01 Jan 1990 00:00:00 GMT","cache-control":"no-cache, no-store, max-age=0, must-revalidate","content-type":"application/json; charset=utf-8","vary":"X-Origin, Referer, Origin,Accept-Encoding","server":"scaffolding on HTTPServer2","x-xss-protection":"0","x-frame-options":"SAMEORIGIN","x-content-type-options":"nosniff","alt-svc":"h3=\":443\"; ma=2592000,h3-29=\":443\"; ma=2592000,h3-Q050=\":443\"; ma=2592000,h3-Q046=\":443\"; ma=2592000,h3-Q043=\":443\"; ma=2592000,quic=\":443\"; ma=2592000; v=\"46,43\"","accept-ranges":"none","transfer-encoding":"chunked"}
[debug] [2022-03-29T07:26:58.390Z] >>> [apiv2][query] POST https://cloudresourcemanager.googleapis.com/v1/projects/portfolio-87281:testIamPermissions [none]
[debug] [2022-03-29T07:26:58.390Z] >>> [apiv2][body] POST https://cloudresourcemanager.googleapis.com/v1/projects/portfolio-87281:testIamPermissions {"permissions":["firebase.projects.get","firebasehosting.sites.update"]}
[debug] [2022-03-29T07:26:58.752Z] <<< [apiv2][status] GET https://firebase-public.firebaseio.com/cli.json 200
[debug] [2022-03-29T07:26:58.752Z] <<< [apiv2][body] GET https://firebase-public.firebaseio.com/cli.json {"cloudBuildErrorAfter":1594252800000,"cloudBuildWarnAfter":1590019200000,"defaultNode10After":1594252800000,"minVersion":"3.0.5","node8DeploysDisabledAfter":1613390400000,"node8RuntimeDisabledAfter":1615809600000,"node8WarnAfter":1600128000000}
[debug] [2022-03-29T07:26:59.556Z] <<< [apiv2][status] POST https://cloudresourcemanager.googleapis.com/v1/projects/portfolio-87281:testIamPermissions 200
[debug] [2022-03-29T07:26:59.556Z] <<< [apiv2][body] POST https://cloudresourcemanager.googleapis.com/v1/projects/portfolio-87281:testIamPermissions {"permissions":["firebase.projects.get","firebasehosting.sites.update"]}
[debug] [2022-03-29T07:26:59.558Z] >>> [apiv2][query] GET https://firebase.googleapis.com/v1beta1/projects/portfolio-87281 [none]
[debug] [2022-03-29T07:27:00.279Z] <<< [apiv2][status] GET https://firebase.googleapis.com/v1beta1/projects/portfolio-87281 200
[debug] [2022-03-29T07:27:00.279Z] <<< [apiv2][body] GET https://firebase.googleapis.com/v1beta1/projects/portfolio-87281 {"projectId":"portfolio-87281","projectNumber":"600823789389","displayName":"Portfolio","name":"projects/portfolio-87281","resources":{"hostingSite":"portfolio-87281"},"state":"ACTIVE"}
[info] 
[info] === Deploying to 'portfolio-87281'...
[info] 
[info] i  deploying hosting 
[debug] [2022-03-29T07:27:00.283Z] >>> [apiv2][query] GET https://firebase.googleapis.com/v1beta1/projects/portfolio-87281 [none]
[debug] [2022-03-29T07:27:00.903Z] <<< [apiv2][status] GET https://firebase.googleapis.com/v1beta1/projects/portfolio-87281 200
[debug] [2022-03-29T07:27:00.903Z] <<< [apiv2][body] GET https://firebase.googleapis.com/v1beta1/projects/portfolio-87281 {"projectId":"portfolio-87281","projectNumber":"600823789389","displayName":"Portfolio","name":"projects/portfolio-87281","resources":{"hostingSite":"portfolio-87281"},"state":"ACTIVE"}
[debug] [2022-03-29T07:27:00.906Z] >>> [apiv2][query] POST https://firebasehosting.googleapis.com/v1beta1/projects/600823789389/sites/portfolio-87281/versions [none]
[debug] [2022-03-29T07:27:00.906Z] >>> [apiv2][body] POST https://firebasehosting.googleapis.com/v1beta1/projects/600823789389/sites/portfolio-87281/versions {"config":{"rewrites":[{"glob":"**","path":"/index.html"}]},"labels":{"deployment-tool":"cli-firebase"}}
[debug] [2022-03-29T07:27:02.657Z] <<< [apiv2][status] POST https://firebasehosting.googleapis.com/v1beta1/projects/600823789389/sites/portfolio-87281/versions 200
[debug] [2022-03-29T07:27:02.657Z] <<< [apiv2][body] POST https://firebasehosting.googleapis.com/v1beta1/projects/600823789389/sites/portfolio-87281/versions {"name":"projects/600823789389/sites/portfolio-87281/versions/8547450ee270af8a","status":"CREATED","config":{"rewrites":[{"glob":"**","path":"/index.html"}]},"labels":{"deployment-tool":"cli-firebase"}}
[info] i  hosting[portfolio-87281]: beginning deploy... 
[info] i  hosting[portfolio-87281]: found 23 files in build 
[debug] [2022-03-29T07:27:03.101Z] [hosting] hash cache [YnVpbGQ] stored for 23 files
[debug] [2022-03-29T07:27:03.102Z] [hosting][hash queue][FINAL] {"max":402,"min":8,"avg":48.95652173913044,"active":0,"complete":23,"success":23,"errored":0,"retried":0,"total":23,"elapsed":413}
[debug] [2022-03-29T07:27:03.103Z] >>> [apiv2][query] POST https://firebasehosting.googleapis.com/v1beta1/projects/600823789389/sites/portfolio-87281/versions/8547450ee270af8a:populateFiles [none]
[debug] [2022-03-29T07:27:03.103Z] >>> [apiv2][body] POST https://firebasehosting.googleapis.com/v1beta1/projects/600823789389/sites/portfolio-87281/versions/8547450ee270af8a:populateFiles {"files":{"/favicon.ico":"eae62e993eb980ec8a25058c39d5a51feab118bd2100c4deebb2a9c158ec11f9","/logo192.png":"3ee59515172ee198f3be375979df15ac5345183e656720a381b8872b2a39dc8b","/logo512.png":"ee7e2f3fdb8209c4b6fd7bef6ba50d1b9dba30a25bb5c3126df057e1cb6f5331","/manifest.json":"aff3449bdc238776f5d6d967f19ec491b36aed5fb7f23ccff6500736fd58494a","/robots.txt":"bfe106a3fb878dc83461c86818bf74fc1bdc7f28538ba613cd3e775516ce8b49","/asset-manifest.json":"4b9fa455dc8b328b19300361b4cbd56e3de33f282306f797e680808333dcce45","/index.html":"8b7a1e9d7e5697bbc5f4ea074d41321243014a5dd2d6c3a1aa5648aa0bc146b8","/static/css/main.4e6c843e.css":"940818a149f5507abb401c9e2ec1fcd87cbbc5db59f719031d13bae045eacdd8","/static/js/787.1ed0c42c.chunk.js":"02025b96a2b26a33d8109ba47caa48b8f3c7d1ceccc995b7fc1434a65558fb0b","/static/css/main.4e6c843e.css.map":"20d07c2c141357b937c846f97e09f6ecbb887570986e8819662cd2f13e30fb05","/static/js/787.1ed0c42c.chunk.js.map":"a540758f7619465d4d44ba6553d675a4a50acae54a3f35ee34606b7b7fb9d3c3","/static/js/main.5a8829e3.js.LICENSE.txt":"344f60d92805a3f6078799efe3001c0746af425c166ecf1779b9a58f0ef566af","/static/media/backspace.d593d548040892c25cfe34293f704fad.svg":"0ced96072afe32c59608ad93c508ce20e730a7c1098537088526008c8739968b","/static/media/logo.6ce24c58023cc2f8fd88fe9d219db6c6.svg":"ac1a3d8899432561573d6a5cf56459437c09b902599a1deb91c0f8d4bb40459d","/static/media/poppins-v19-latin-regular.405055dd680fa1dcdfa2.woff2":"5f9b987ff38cc1aac77f609e7cdc137f99f88148af67f629c77ea1f1b47e4cc0","/static/media/poppins-v19-latin-regular.f61407da33b59324fbef.woff":"f11c9e71e1c04d237d7dfa917996f3a5670f981217c821aa7b365ab3f6671b23","/Images/shopimg.PNG":"49eee079ddc4231fa8f82b5c33ca750781864b2d634ddd717020b83eae217779","/Images/wordleimg.png":"68f69f8ae953494160b1ab28259a3f188d4c99254089dc09948e44ae2b1df91c","/Images/restaurantimg.png":"95b27d39ab78f91aae25aee999f49c8764af2f1418ddb05de5af21545bf048ce","/Videos/shop_video.mp4":"8d255f0e4206004f0c8b65c8ad3b7ac37e00a4430a58398b7b9b356fa79129cf","/static/js/main.5a8829e3.js":"7f096faca636e0c624482e16f5eed3768167a10368c9c8274c5212c27be6da12","/static/js/main.5a8829e3.js.map":"39fe4b8a4a53b2e167b5b0767250a76c580fa113257b00b9c0ed0772afc2bb19","/Videos/restaurant_video.mp4":"9eef5fcc2d3d3249f3e24792fb88d034ac64de2a2e5072e8d0db4ce825dc7a41"}}
[debug] [2022-03-29T07:27:04.530Z] <<< [apiv2][status] POST https://firebasehosting.googleapis.com/v1beta1/projects/600823789389/sites/portfolio-87281/versions/8547450ee270af8a:populateFiles 200
[debug] [2022-03-29T07:27:04.530Z] <<< [apiv2][body] POST https://firebasehosting.googleapis.com/v1beta1/projects/600823789389/sites/portfolio-87281/versions/8547450ee270af8a:populateFiles {"uploadRequiredHashes":["8b7a1e9d7e5697bbc5f4ea074d41321243014a5dd2d6c3a1aa5648aa0bc146b8","20d07c2c141357b937c846f97e09f6ecbb887570986e8819662cd2f13e30fb05","4b9fa455dc8b328b19300361b4cbd56e3de33f282306f797e680808333dcce45","940818a149f5507abb401c9e2ec1fcd87cbbc5db59f719031d13bae045eacdd8","7f096faca636e0c624482e16f5eed3768167a10368c9c8274c5212c27be6da12","39fe4b8a4a53b2e167b5b0767250a76c580fa113257b00b9c0ed0772afc2bb19","8d255f0e4206004f0c8b65c8ad3b7ac37e00a4430a58398b7b9b356fa79129cf","49eee079ddc4231fa8f82b5c33ca750781864b2d634ddd717020b83eae217779","9eef5fcc2d3d3249f3e24792fb88d034ac64de2a2e5072e8d0db4ce825dc7a41","95b27d39ab78f91aae25aee999f49c8764af2f1418ddb05de5af21545bf048ce"],"uploadUrl":"https://upload-firebasehosting.googleapis.com/upload/sites/portfolio-87281/versions/8547450ee270af8a/files"}
[debug] [2022-03-29T07:27:04.533Z] >>> [apiv2][query] POST https://upload-firebasehosting.googleapis.com/upload/sites/portfolio-87281/versions/8547450ee270af8a/files/8b7a1e9d7e5697bbc5f4ea074d41321243014a5dd2d6c3a1aa5648aa0bc146b8 [none]
[debug] [2022-03-29T07:27:04.533Z] >>> [apiv2][body] POST https://upload-firebasehosting.googleapis.com/upload/sites/portfolio-87281/versions/8547450ee270af8a/files/8b7a1e9d7e5697bbc5f4ea074d41321243014a5dd2d6c3a1aa5648aa0bc146b8 [stream]
[debug] [2022-03-29T07:27:04.535Z] >>> [apiv2][query] POST https://upload-firebasehosting.googleapis.com/upload/sites/portfolio-87281/versions/8547450ee270af8a/files/20d07c2c141357b937c846f97e09f6ecbb887570986e8819662cd2f13e30fb05 [none]
[debug] [2022-03-29T07:27:04.535Z] >>> [apiv2][body] POST https://upload-firebasehosting.googleapis.com/upload/sites/portfolio-87281/versions/8547450ee270af8a/files/20d07c2c141357b937c846f97e09f6ecbb887570986e8819662cd2f13e30fb05 [stream]
[debug] [2022-03-29T07:27:04.536Z] >>> [apiv2][query] POST https://upload-firebasehosting.googleapis.com/upload/sites/portfolio-87281/versions/8547450ee270af8a/files/4b9fa455dc8b328b19300361b4cbd56e3de33f282306f797e680808333dcce45 [none]
[debug] [2022-03-29T07:27:04.536Z] >>> [apiv2][body] POST https://upload-firebasehosting.googleapis.com/upload/sites/portfolio-87281/versions/8547450ee270af8a/files/4b9fa455dc8b328b19300361b4cbd56e3de33f282306f797e680808333dcce45 [stream]
[debug] [2022-03-29T07:27:04.537Z] >>> [apiv2][query] POST https://upload-firebasehosting.googleapis.com/upload/sites/portfolio-87281/versions/8547450ee270af8a/files/940818a149f5507abb401c9e2ec1fcd87cbbc5db59f719031d13bae045eacdd8 [none]
[debug] [2022-03-29T07:27:04.537Z] >>> [apiv2][body] POST https://upload-firebasehosting.googleapis.com/upload/sites/portfolio-87281/versions/8547450ee270af8a/files/940818a149f5507abb401c9e2ec1fcd87cbbc5db59f719031d13bae045eacdd8 [stream]
[debug] [2022-03-29T07:27:04.538Z] >>> [apiv2][query] POST https://upload-firebasehosting.googleapis.com/upload/sites/portfolio-87281/versions/8547450ee270af8a/files/7f096faca636e0c624482e16f5eed3768167a10368c9c8274c5212c27be6da12 [none]
[debug] [2022-03-29T07:27:04.538Z] >>> [apiv2][body] POST https://upload-firebasehosting.googleapis.com/upload/sites/portfolio-87281/versions/8547450ee270af8a/files/7f096faca636e0c624482e16f5eed3768167a10368c9c8274c5212c27be6da12 [stream]
[debug] [2022-03-29T07:27:04.539Z] >>> [apiv2][query] POST https://upload-firebasehosting.googleapis.com/upload/sites/portfolio-87281/versions/8547450ee270af8a/files/39fe4b8a4a53b2e167b5b0767250a76c580fa113257b00b9c0ed0772afc2bb19 [none]
[debug] [2022-03-29T07:27:04.539Z] >>> [apiv2][body] POST https://upload-firebasehosting.googleapis.com/upload/sites/portfolio-87281/versions/8547450ee270af8a/files/39fe4b8a4a53b2e167b5b0767250a76c580fa113257b00b9c0ed0772afc2bb19 [stream]
[debug] [2022-03-29T07:27:04.541Z] >>> [apiv2][query] POST https://upload-firebasehosting.googleapis.com/upload/sites/portfolio-87281/versions/8547450ee270af8a/files/8d255f0e4206004f0c8b65c8ad3b7ac37e00a4430a58398b7b9b356fa79129cf [none]
[debug] [2022-03-29T07:27:04.541Z] >>> [apiv2][body] POST https://upload-firebasehosting.googleapis.com/upload/sites/portfolio-87281/versions/8547450ee270af8a/files/8d255f0e4206004f0c8b65c8ad3b7ac37e00a4430a58398b7b9b356fa79129cf [stream]
[debug] [2022-03-29T07:27:04.542Z] >>> [apiv2][query] POST https://upload-firebasehosting.googleapis.com/upload/sites/portfolio-87281/versions/8547450ee270af8a/files/49eee079ddc4231fa8f82b5c33ca750781864b2d634ddd717020b83eae217779 [none]
[debug] [2022-03-29T07:27:04.542Z] >>> [apiv2][body] POST https://upload-firebasehosting.googleapis.com/upload/sites/portfolio-87281/versions/8547450ee270af8a/files/49eee079ddc4231fa8f82b5c33ca750781864b2d634ddd717020b83eae217779 [stream]
[debug] [2022-03-29T07:27:04.542Z] >>> [apiv2][query] POST https://upload-firebasehosting.googleapis.com/upload/sites/portfolio-87281/versions/8547450ee270af8a/files/9eef5fcc2d3d3249f3e24792fb88d034ac64de2a2e5072e8d0db4ce825dc7a41 [none]
[debug] [2022-03-29T07:27:04.543Z] >>> [apiv2][body] POST https://upload-firebasehosting.googleapis.com/upload/sites/portfolio-87281/versions/8547450ee270af8a/files/9eef5fcc2d3d3249f3e24792fb88d034ac64de2a2e5072e8d0db4ce825dc7a41 [stream]
[debug] [2022-03-29T07:27:04.543Z] >>> [apiv2][query] POST https://upload-firebasehosting.googleapis.com/upload/sites/portfolio-87281/versions/8547450ee270af8a/files/95b27d39ab78f91aae25aee999f49c8764af2f1418ddb05de5af21545bf048ce [none]
[debug] [2022-03-29T07:27:04.544Z] >>> [apiv2][body] POST https://upload-firebasehosting.googleapis.com/upload/sites/portfolio-87281/versions/8547450ee270af8a/files/95b27d39ab78f91aae25aee999f49c8764af2f1418ddb05de5af21545bf048ce [stream]
[debug] [2022-03-29T07:27:04.544Z] [hosting][populate queue][FINAL] {"max":1434,"min":1434,"avg":1434,"active":0,"complete":1,"success":1,"errored":0,"retried":0,"total":1,"elapsed":1445}
[debug] [2022-03-29T07:27:04.545Z] [hosting] uploads queued: 10
[debug] [2022-03-29T07:27:06.411Z] <<< [apiv2][status] POST https://upload-firebasehosting.googleapis.com/upload/sites/portfolio-87281/versions/8547450ee270af8a/files/940818a149f5507abb401c9e2ec1fcd87cbbc5db59f719031d13bae045eacdd8 200
[debug] [2022-03-29T07:27:06.413Z] <<< [apiv2][body] POST https://upload-firebasehosting.googleapis.com/upload/sites/portfolio-87281/versions/8547450ee270af8a/files/940818a149f5507abb401c9e2ec1fcd87cbbc5db59f719031d13bae045eacdd8 [stream]
[debug] [2022-03-29T07:27:06.561Z] <<< [apiv2][status] POST https://upload-firebasehosting.googleapis.com/upload/sites/portfolio-87281/versions/8547450ee270af8a/files/8b7a1e9d7e5697bbc5f4ea074d41321243014a5dd2d6c3a1aa5648aa0bc146b8 200
[debug] [2022-03-29T07:27:06.562Z] <<< [apiv2][body] POST https://upload-firebasehosting.googleapis.com/upload/sites/portfolio-87281/versions/8547450ee270af8a/files/8b7a1e9d7e5697bbc5f4ea074d41321243014a5dd2d6c3a1aa5648aa0bc146b8 [stream]
[debug] [2022-03-29T07:27:06.941Z] <<< [apiv2][status] POST https://upload-firebasehosting.googleapis.com/upload/sites/portfolio-87281/versions/8547450ee270af8a/files/20d07c2c141357b937c846f97e09f6ecbb887570986e8819662cd2f13e30fb05 200
[debug] [2022-03-29T07:27:06.941Z] <<< [apiv2][body] POST https://upload-firebasehosting.googleapis.com/upload/sites/portfolio-87281/versions/8547450ee270af8a/files/20d07c2c141357b937c846f97e09f6ecbb887570986e8819662cd2f13e30fb05 [stream]
[debug] [2022-03-29T07:27:07.881Z] <<< [apiv2][status] POST https://upload-firebasehosting.googleapis.com/upload/sites/portfolio-87281/versions/8547450ee270af8a/files/4b9fa455dc8b328b19300361b4cbd56e3de33f282306f797e680808333dcce45 200
[debug] [2022-03-29T07:27:07.881Z] <<< [apiv2][body] POST https://upload-firebasehosting.googleapis.com/upload/sites/portfolio-87281/versions/8547450ee270af8a/files/4b9fa455dc8b328b19300361b4cbd56e3de33f282306f797e680808333dcce45 [stream]
[debug] [2022-03-29T07:27:09.855Z] <<< [apiv2][status] POST https://upload-firebasehosting.googleapis.com/upload/sites/portfolio-87281/versions/8547450ee270af8a/files/49eee079ddc4231fa8f82b5c33ca750781864b2d634ddd717020b83eae217779 200
[debug] [2022-03-29T07:27:09.856Z] <<< [apiv2][body] POST https://upload-firebasehosting.googleapis.com/upload/sites/portfolio-87281/versions/8547450ee270af8a/files/49eee079ddc4231fa8f82b5c33ca750781864b2d634ddd717020b83eae217779 [stream]
[debug] [2022-03-29T07:27:14.557Z] <<< [apiv2][status] POST https://upload-firebasehosting.googleapis.com/upload/sites/portfolio-87281/versions/8547450ee270af8a/files/7f096faca636e0c624482e16f5eed3768167a10368c9c8274c5212c27be6da12 200
[debug] [2022-03-29T07:27:14.558Z] <<< [apiv2][body] POST https://upload-firebasehosting.googleapis.com/upload/sites/portfolio-87281/versions/8547450ee270af8a/files/7f096faca636e0c624482e16f5eed3768167a10368c9c8274c5212c27be6da12 [stream]
[debug] [2022-03-29T07:27:15.751Z] <<< [apiv2][status] POST https://upload-firebasehosting.googleapis.com/upload/sites/portfolio-87281/versions/8547450ee270af8a/files/39fe4b8a4a53b2e167b5b0767250a76c580fa113257b00b9c0ed0772afc2bb19 200
[debug] [2022-03-29T07:27:15.751Z] <<< [apiv2][body] POST https://upload-firebasehosting.googleapis.com/upload/sites/portfolio-87281/versions/8547450ee270af8a/files/39fe4b8a4a53b2e167b5b0767250a76c580fa113257b00b9c0ed0772afc2bb19 [stream]
